0 info it worked if it ends with ok
1 verbose cli [ 'node', '/usr/local/bin/npm', 'install', 'app.json', '--global' ]
2 info using npm@2.12.1
3 info using node@v0.12.7
4 verbose node symlink /usr/local/bin/node
5 verbose install initial load of /usr/local/lib/package.json
6 verbose readDependencies loading dependencies from /usr/local/lib/package.json
7 silly cache add args [ 'app.json', null ]
8 verbose cache add spec app.json
9 silly cache add parsed spec { raw: 'app.json',
9 silly cache add   scope: null,
9 silly cache add   name: null,
9 silly cache add   rawSpec: 'app.json',
9 silly cache add   spec: '/Users/karian/55K/Works/Vute/vute-server/app.json',
9 silly cache add   type: 'local' }
10 silly addLocalTarball shasum (computed) 95a6a06e3d3f1608868745715aa0de78b6842699
11 verbose addTmpTarball /Users/karian/55K/Works/Vute/vute-server/app.json not in flight; adding
12 verbose addTmpTarball validating metadata from /Users/karian/55K/Works/Vute/vute-server/app.json
13 verbose tar unpack /Users/karian/55K/Works/Vute/vute-server/app.json
14 verbose tar unpacking to /var/folders/mz/4bc_9sg95d98n0tq0wrpb97m0000gn/T/npm-11792-9fea3f09/unpack-4d4ed2ded607
15 silly gentlyRm /var/folders/mz/4bc_9sg95d98n0tq0wrpb97m0000gn/T/npm-11792-9fea3f09/unpack-4d4ed2ded607 is being purged
16 verbose gentlyRm don't care about contents; nuking /var/folders/mz/4bc_9sg95d98n0tq0wrpb97m0000gn/T/npm-11792-9fea3f09/unpack-4d4ed2ded607
17 silly gunzTarPerm modes [ '755', '644' ]
18 error not a package /Users/karian/55K/Works/Vute/vute-server/app.json
19 error addLocal Could not install /Users/karian/55K/Works/Vute/vute-server/app.json
20 verbose stack Error: ENOENT, open '/var/folders/mz/4bc_9sg95d98n0tq0wrpb97m0000gn/T/npm-11792-9fea3f09/unpack-4d4ed2ded607/package.json'
20 verbose stack     at Error (native)
21 verbose cwd /Users/karian/55K/Works/Vute/vute-server
22 error Darwin 14.5.0
23 error argv "node" "/usr/local/bin/npm" "install" "app.json" "--global"
24 error node v0.12.7
25 error npm  v2.12.1
26 error path /var/folders/mz/4bc_9sg95d98n0tq0wrpb97m0000gn/T/npm-11792-9fea3f09/unpack-4d4ed2ded607/package.json
27 error code ENOENT
28 error errno -2
29 error enoent ENOENT, open '/var/folders/mz/4bc_9sg95d98n0tq0wrpb97m0000gn/T/npm-11792-9fea3f09/unpack-4d4ed2ded607/package.json'
29 error enoent This is most likely not a problem with npm itself
29 error enoent and is related to npm not being able to find a file.
30 verbose exit [ -2, true ]
